# JRE version: OpenJDK Runtime Environment (8.0_242-b01) (build 1.8.0_242-release-1644-b01)
# Java VM: OpenJDK 64-Bit Server VM (25.242-b01 mixed mode windows-amd64 compressed oops)
Heap:
 PSYoungGen      total 147456K, used 135665K [0x00000000f5580000, 0x0000000100000000, 0x0000000100000000)
  eden space 120320K, 100% used [0x00000000f5580000,0x00000000fcb00000,0x00000000fcb00000)
  from space 27136K, 56% used [0x00000000fcb00000,0x00000000fd9fc418,0x00000000fe580000)
  to   space 27136K, 29% used [0x00000000fe580000,0x00000000fed6aed0,0x0000000100000000)
 ParOldGen       total 346112K, used 293466K [0x00000000e0000000, 0x00000000f5200000, 0x00000000f5580000)
  object space 346112K, 84% used [0x00000000e0000000,0x00000000f1e96a68,0x00000000f5200000)
 Metaspace       used 126376K, capacity 133648K, committed 136600K, reserved 1167360K
  class space    used 16058K, capacity 17533K, committed 18096K, reserved 1048576K
GC Heap History (10 events):
Event: 6069.902 GC heap before
{Heap before GC invocations=167 (full 8):
 PSYoungGen      total 153600K, used 153572K [0x00000000f5580000, 0x0000000100000000, 0x0000000100000000)
  eden space 139776K, 100% used [0x00000000f5580000,0x00000000fde00000,0x00000000fde00000)
  from space 13824K, 99% used [0x00000000ff280000,0x00000000ffff9028,0x0000000100000000)
  to   space 17408K, 0% used [0x00000000fde00000,0x00000000fde00000,0x00000000fef00000)
 ParOldGen       total 346112K, used 225160K [0x00000000e0000000, 0x00000000f5200000, 0x00000000f5580000)
  object space 346112K, 65% used [0x00000000e0000000,0x00000000edbe21c0,0x00000000f5200000)
 Metaspace       used 126346K, capacity 133642K, committed 136600K, reserved 1167360K
  class space    used 16057K, capacity 17532K, committed 18096K, reserved 1048576K
Event: 6069.916 GC heap after
Heap after GC invocations=167 (full 8):
 PSYoungGen      total 157184K, used 6512K [0x00000000f5580000, 0x0000000100000000, 0x0000000100000000)
  eden space 139776K, 0% used [0x00000000f5580000,0x00000000f5580000,0x00000000fde00000)
  from space 17408K, 37% used [0x00000000fde00000,0x00000000fe45c0c0,0x00000000fef00000)
  to   space 16384K, 0% used [0x00000000ff000000,0x00000000ff000000,0x0000000100000000)
 ParOldGen       total 346112K, used 233410K [0x00000000e0000000, 0x00000000f5200000, 0x00000000f5580000)
  object space 346112K, 67% used [0x00000000e0000000,0x00000000ee3f0a90,0x00000000f5200000)
 Metaspace       used 126346K, capacity 133642K, committed 136600K, reserved 1167360K
  class space    used 16057K, capacity 17532K, committed 18096K, reserved 1048576K
}
Event: 6070.443 GC heap before
{Heap before GC invocations=168 (full 8):
 PSYoungGen      total 157184K, used 146288K [0x00000000f5580000, 0x0000000100000000, 0x0000000100000000)
  eden space 139776K, 100% used [0x00000000f5580000,0x00000000fde00000,0x00000000fde00000)
  from space 17408K, 37% used [0x00000000fde00000,0x00000000fe45c0c0,0x00000000fef00000)
  to   space 16384K, 0% used [0x00000000ff000000,0x00000000ff000000,0x0000000100000000)
 ParOldGen       total 346112K, used 233410K [0x00000000e0000000, 0x00000000f5200000, 0x00000000f5580000)
  object space 346112K, 67% used [0x00000000e0000000,0x00000000ee3f0a90,0x00000000f5200000)
 Metaspace       used 126354K, capacity 133642K, committed 136600K, reserved 1167360K
  class space    used 16057K, capacity 17532K, committed 18096K, reserved 1048576K
Event: 6070.458 GC heap after
Heap after GC invocations=168 (full 8):
 PSYoungGen      total 156160K, used 11812K [0x00000000f5580000, 0x0000000100000000, 0x0000000100000000)
  eden space 139776K, 0% used [0x00000000f5580000,0x00000000f5580000,0x00000000fde00000)
  from space 16384K, 72% used [0x00000000ff000000,0x00000000ffb89280,0x0000000100000000)
  to   space 17408K, 0% used [0x00000000fde00000,0x00000000fde00000,0x00000000fef00000)
 ParOldGen       total 346112K, used 237566K [0x00000000e0000000, 0x00000000f5200000, 0x00000000f5580000)
  object space 346112K, 68% used [0x00000000e0000000,0x00000000ee7ff908,0x00000000f5200000)
 Metaspace       used 126354K, capacity 133642K, committed 136600K, reserved 1167360K
  class space    used 16057K, capacity 17532K, committed 18096K, reserved 1048576K
}
Event: 6070.749 GC heap before
{Heap before GC invocations=169 (full 8):
 PSYoungGen      total 156160K, used 151588K [0x00000000f5580000, 0x0000000100000000, 0x0000000100000000)
  eden space 139776K, 100% used [0x00000000f5580000,0x00000000fde00000,0x00000000fde00000)
  from space 16384K, 72% used [0x00000000ff000000,0x00000000ffb89280,0x0000000100000000)
  to   space 17408K, 0% used [0x00000000fde00000,0x00000000fde00000,0x00000000fef00000)
 ParOldGen       total 346112K, used 237566K [0x00000000e0000000, 0x00000000f5200000, 0x00000000f5580000)
  object space 346112K, 68% used [0x00000000e0000000,0x00000000ee7ffa10,0x00000000f5200000)
 Metaspace       used 126362K, capacity 133642K, committed 136600K, reserved 1167360K
  class space    used 16057K, capacity 17532K, committed 18096K, reserved 1048576K
Event: 6070.783 GC heap after
Heap after GC invocations=169 (full 8):
 PSYoungGen      total 151552K, used 11747K [0x00000000f5580000, 0x0000000100000000, 0x0000000100000000)
  eden space 139776K, 0% used [0x00000000f5580000,0x00000000f5580000,0x00000000fde00000)
  from space 11776K, 99% used [0x00000000fde00000,0x00000000fe978e80,0x00000000fe980000)
  to   space 17920K, 0% used [0x00000000fee80000,0x00000000fee80000,0x0000000100000000)
 ParOldGen       total 346112K, used 247127K [0x00000000e0000000, 0x00000000f5200000, 0x00000000f5580000)
  object space 346112K, 71% used [0x00000000e0000000,0x00000000ef155fa0,0x00000000f5200000)
 Metaspace       used 126362K, capacity 133642K, committed 136600K, reserved 1167360K
  class space    used 16057K, capacity 17532K, committed 18096K, reserved 1048576K
}
Event: 6070.940 GC heap before
{Heap before GC invocations=170 (full 8):
 PSYoungGen      total 151552K, used 151523K [0x00000000f5580000, 0x0000000100000000, 0x0000000100000000)
  eden space 139776K, 100% used [0x00000000f5580000,0x00000000fde00000,0x00000000fde00000)
  from space 11776K, 99% used [0x00000000fde00000,0x00000000fe978e80,0x00000000fe980000)
  to   space 17920K, 0% used [0x00000000fee80000,0x00000000fee80000,0x0000000100000000)
 ParOldGen       total 346112K, used 247197K [0x00000000e0000000, 0x00000000f5200000, 0x00000000f5580000)
  object space 346112K, 71% used [0x00000000e0000000,0x00000000ef1676e0,0x00000000f5200000)
 Metaspace       used 126367K, capacity 133648K, committed 136600K, reserved 1167360K
  class space    used 16058K, capacity 17533K, committed 18096K, reserved 1048576K
Event: 6070.963 GC heap after
Heap after GC invocations=170 (full 8):
 PSYoungGen      total 138240K, used 17908K [0x00000000f5580000, 0x0000000100000000, 0x0000000100000000)
  eden space 120320K, 0% used [0x00000000f5580000,0x00000000f5580000,0x00000000fcb00000)
  from space 17920K, 99% used [0x00000000fee80000,0x00000000ffffd158,0x0000000100000000)
  to   space 27136K, 0% used [0x00000000fcb00000,0x00000000fcb00000,0x00000000fe580000)
 ParOldGen       total 346112K, used 263432K [0x00000000e0000000, 0x00000000f5200000, 0x00000000f5580000)
  object space 346112K, 76% used [0x00000000e0000000,0x00000000f01422a8,0x00000000f5200000)
 Metaspace       used 126367K, capacity 133648K, committed 136600K, reserved 1167360K
  class space    used 16058K, capacity 17533K, committed 18096K, reserved 1048576K
}
Event: 6071.083 GC heap before
{Heap before GC invocations=171 (full 8):
 PSYoungGen      total 138240K, used 138228K [0x00000000f5580000, 0x0000000100000000, 0x0000000100000000)
  eden space 120320K, 100% used [0x00000000f5580000,0x00000000fcb00000,0x00000000fcb00000)
  from space 17920K, 99% used [0x00000000fee80000,0x00000000ffffd158,0x0000000100000000)
  to   space 27136K, 0% used [0x00000000fcb00000,0x00000000fcb00000,0x00000000fe580000)
 ParOldGen       total 346112K, used 263536K [0x00000000e0000000, 0x00000000f5200000, 0x00000000f5580000)
  object space 346112K, 76% used [0x00000000e0000000,0x00000000f015c388,0x00000000f5200000)
 Metaspace       used 126367K, capacity 133648K, committed 136600K, reserved 1167360K
  class space    used 16058K, capacity 17533K, committed 18096K, reserved 1048576K
Event: 6071.275 GC heap after
Heap after GC invocations=171 (full 8):
 PSYoungGen      total 147456K, used 15345K [0x00000000f5580000, 0x0000000100000000, 0x0000000100000000)
  eden space 120320K, 0% used [0x00000000f5580000,0x00000000f5580000,0x00000000fcb00000)
  from space 27136K, 56% used [0x00000000fcb00000,0x00000000fd9fc418,0x00000000fe580000)
  to   space 27136K, 0% used [0x00000000fe580000,0x00000000fe580000,0x0000000100000000)
 ParOldGen       total 346112K, used 280758K [0x00000000e0000000, 0x00000000f5200000, 0x00000000f5580000)
  object space 346112K, 81% used [0x00000000e0000000,0x00000000f122d8b8,0x00000000f5200000)
 Metaspace       used 126367K, capacity 133648K, committed 136600K, reserved 1167360K
  class space    used 16058K, capacity 17533K, committed 18096K, reserved 1048576K
}

